<?xml version="1.0" encoding="UTF-8"?>
<testsuite name="edu.calpoly.csc.luna.turboplan.core.dao.CompanyDaoTest" failures="0" tests="5" time="2.434" errors="0">
  <properties/>
  <testcase name="addCompany" time="1.895" classname="edu.calpoly.csc.luna.turboplan.core.dao.CompanyDaoTest"/>
  <testcase name="getAllCompany" time="0.312" classname="edu.calpoly.csc.luna.turboplan.core.dao.CompanyDaoTest"/>
  <testcase name="getTableRowCount" time="0.029" classname="edu.calpoly.csc.luna.turboplan.core.dao.CompanyDaoTest"/>
  <testcase name="printTable" time="0.014" classname="edu.calpoly.csc.luna.turboplan.core.dao.CompanyDaoTest"/>
  <testcase name="getAllCompanyEager" time="0.117" classname="edu.calpoly.csc.luna.turboplan.core.dao.CompanyDaoTest"/>
</testsuite>
